<?xml version="1.0" encoding="UTF-8"?>
<!-- Generated by org.testng.reporters.JUnitXMLReporter -->
<testsuite hostname="DESKTOP-L28IVB5" ignored="0" name="Test" tests="8" failures="0" timestamp="2021-08-30T14:30:19 IST" time="22.036" errors="0">
  <testcase name="validateLoginFunctionality" time="8.233" classname="TestLayer.ContactPageTest"/>
  <testcase name="validateLoggedUserName" time="7.342" classname="TestLayer.ContactPageTest"/>
  <testcase name="validateContactLink" time="0.36" classname="TestLayer.ContactPageTest"/>
  <testcase name="ValidateCreateNewUserInContactPage" time="0.334" classname="TestLayer.ContactPageTest"/>
  <testcase name="ValidateFirstNameIncontactPage" time="0.511" classname="TestLayer.ContactPageTest"/>
  <testcase name="ValidateMiddleNameIncontactPage" time="0.323" classname="TestLayer.ContactPageTest"/>
  <testcase name="ValidateLastNameIncontactPage" time="0.235" classname="TestLayer.ContactPageTest"/>
  <testcase name="ValidateEmailIdIncontactPage" time="1.022" classname="TestLayer.ContactPageTest"/>
</testsuite> <!-- Test -->
