<?xml version="1.0" encoding="UTF-8"?>
<testng-results skipped="0" failed="0" ignored="0" total="1" passed="1">
  <reporter-output>
  </reporter-output>
  <suite name="Default suite" duration-ms="11889" started-at="2021-08-31T08:09:33 IST" finished-at="2021-08-31T08:09:45 IST">
    <groups>
    </groups>
    <test name="Default test" duration-ms="11889" started-at="2021-08-31T08:09:33 IST" finished-at="2021-08-31T08:09:45 IST">
      <class name="TestLayer.LoginPageTest">
        <test-method status="PASS" signature="setUp()[pri:0, instance:TestLayer.LoginPageTest@1f021e6c]" name="setUp" is-config="true" duration-ms="3877" started-at="2021-08-31T08:09:33 IST" finished-at="2021-08-31T08:09:37 IST">
          <reporter-output>
          </reporter-output>
        </test-method> <!-- setUp -->
        <test-method status="PASS" signature="ValidateLoginFunctionality()[pri:0, instance:TestLayer.LoginPageTest@1f021e6c]" name="ValidateLoginFunctionality" duration-ms="7841" started-at="2021-08-31T08:09:37 IST" finished-at="2021-08-31T08:09:45 IST">
          <reporter-output>
          </reporter-output>
        </test-method> <!-- ValidateLoginFunctionality -->
        <test-method status="PASS" signature="tearDown()[pri:0, instance:TestLayer.LoginPageTest@1f021e6c]" name="tearDown" is-config="true" duration-ms="132" started-at="2021-08-31T08:09:45 IST" finished-at="2021-08-31T08:09:45 IST">
          <reporter-output>
          </reporter-output>
        </test-method> <!-- tearDown -->
      </class> <!-- TestLayer.LoginPageTest -->
    </test> <!-- Default test -->
  </suite> <!-- Default suite -->
</testng-results>
