<?xml version="1.0" encoding="UTF-8"?>
<!-- Generated by org.testng.reporters.JUnitXMLReporter -->
<testsuite hostname="DESKTOP-L28IVB5" ignored="0" name="End to End Testing" tests="8" failures="0" timestamp="2021-08-29T21:49:51 IST" time="22.544" errors="0">
  <testcase name="validateLoginFunctionality" time="8.255" classname="TestLayer.ContactPageTest"/>
  <testcase name="validateLoggedUserName" time="7.061" classname="TestLayer.ContactPageTest"/>
  <testcase name="validateContactLink" time="0.336" classname="TestLayer.ContactPageTest"/>
  <testcase name="ValidateCreateNewUserInContactPage" time="0.302" classname="TestLayer.ContactPageTest"/>
  <testcase name="ValidateFirstNameIncontactPage" time="0.49" classname="TestLayer.ContactPageTest"/>
  <testcase name="ValidateMiddleNameIncontactPage" time="0.336" classname="TestLayer.ContactPageTest"/>
  <testcase name="ValidateLastNameIncontactPage" time="0.489" classname="TestLayer.ContactPageTest"/>
  <testcase name="ValidateEmailIdIncontactPage" time="0.868" classname="TestLayer.ContactPageTest"/>
</testsuite> <!-- End to End Testing -->
